<?xml version="1.0" encoding="UTF-8"?>
<!-- Generated by org.testng.reporters.JUnitReportReporter -->
<testsuite hostname="Shaon" failures="0" tests="1" name="webDriver_Framework.Selenium_Framework.AppTest" time="3.785" errors="0" timestamp="2024-01-24T11:44:52 PST" skipped="0">
  <testcase classname="webDriver_Framework.Selenium_Framework.AppTest" name="valid_application" time="3.785"/>
</testsuite> <!-- webDriver_Framework.Selenium_Framework.AppTest -->
